<?xml version="1.0" encoding="UTF-8"?>
<!-- Generated by org.testng.reporters.JUnitReportReporter -->
<testsuite skipped="0" hostname="LAPTOP-SAK3LAUE" name="com.gforms.qa.pages.FormPageTest2" tests="5" failures="0" timestamp="14 Feb 2019 19:09:10 GMT" time="78.907" errors="0">
  <testcase name="fillformTest" time="25.196" classname="com.gforms.qa.pages.FormPageTest2"/>
  <testcase name="fillformTest" time="23.966" classname="com.gforms.qa.pages.FormPageTest2"/>
  <testcase name="fillformTest" time="23.651" classname="com.gforms.qa.pages.FormPageTest2"/>
  <testcase name="deleteQuestion" time="2.512" classname="com.gforms.qa.pages.FormPageTest2"/>
  <testcase name="saveFormData" time="3.582" classname="com.gforms.qa.pages.FormPageTest2"/>
</testsuite> <!-- com.gforms.qa.pages.FormPageTest2 -->
