<?xml version="1.0" encoding="UTF-8"?>
<!-- Generated by org.testng.reporters.JUnitReportReporter -->
<testsuite skipped="0" hostname="LAPTOP-SAK3LAUE" name="com.gforms.qa.testcases.UserNamePageTest" tests="2" failures="0" timestamp="11 Feb 2019 17:48:41 GMT" time="22.036" errors="0">
  <testcase name="EnterusernameTest" time="10.173" classname="com.gforms.qa.testcases.UserNamePageTest"/>
  <testcase name="verfifyClickonnextbtn" time="11.863" classname="com.gforms.qa.testcases.UserNamePageTest"/>
</testsuite> <!-- com.gforms.qa.testcases.UserNamePageTest -->
