<?xml version="1.0" encoding="UTF-8"?>
<!-- Generated by org.testng.reporters.JUnitReportReporter -->
<testsuite skipped="0" hostname="LAPTOP-SAK3LAUE" name="com.gforms.qa.pages.FormPageTest2" tests="4" failures="0" timestamp="14 Feb 2019 04:07:12 GMT" time="56.781" errors="0">
  <testcase name="fillformTest" time="18.184" classname="com.gforms.qa.pages.FormPageTest2"/>
  <testcase name="fillformTest" time="17.758" classname="com.gforms.qa.pages.FormPageTest2"/>
  <testcase name="saveFormData" time="3.337" classname="com.gforms.qa.pages.FormPageTest2"/>
  <testcase name="fillformTest" time="17.502" classname="com.gforms.qa.pages.FormPageTest2"/>
</testsuite> <!-- com.gforms.qa.pages.FormPageTest2 -->
