<?xml version="1.0" encoding="UTF-8"?>
<!-- Generated by org.testng.reporters.JUnitReportReporter -->
<testsuite skipped="0" hostname="LAPTOP-SAK3LAUE" name="com.gforms.qa.testcases.LoginPageTest" tests="1" failures="0" timestamp="11 Feb 2019 19:23:40 GMT" time="16.345" errors="0">
  <testcase name="login" time="16.345" classname="com.gforms.qa.testcases.LoginPageTest"/>
</testsuite> <!-- com.gforms.qa.testcases.LoginPageTest -->
